2026-05-15 11:50:38 | ERROR    | app.core.exceptions:sqlalchemy_exception_handler:65 - 数据库异常: SQL expression for WHERE/HAVING role expected, got <class 'app.models.knowledge_base.KnowledgeBase'>.
Traceback (most recent call last):
  File "C:\Users\86182\.conda\envs\Emory_backend\Lib\site-packages\starlette\_exception_handler.py", line 42, in wrapped_app
    await app(scope, receive, sender)
  File "C:\Users\86182\.conda\envs\Emory_backend\Lib\site-packages\fastapi\routing.py", line 120, in app
    response = await f(request)
               ^^^^^^^^^^^^^^^^
  File "C:\Users\86182\.conda\envs\Emory_backend\Lib\site-packages\fastapi\routing.py", line 674, in app
    raw_response = await run_endpoint_function(
                   ^^^^^^^^^^^^^^^^^^^^^^^^^^^^
  File "C:\Users\86182\.conda\envs\Emory_backend\Lib\site-packages\fastapi\routing.py", line 328, in run_endpoint_function
    return await dependant.call(**values)
           ^^^^^^^^^^^^^^^^^^^^^^^^^^^^^^
  File "C:\python.1\Emory_backend\app\api\v1\endpoints\knowledge.py", line 43, in list_kbs
    return await knowledge_crud.get_multi_by_tenant(db, tenant_id=tenant_id, skip=skip, limit=limit)
           ^^^^^^^^^^^^^^^^^^^^^^^^^^^^^^^^^^^^^^^^^^^^^^^^^^^^^^^^^^^^^^^^^^^^^^^^^^^^^^^^^^^^^^^^^
  File "C:\python.1\Emory_backend\app\crud\crud_knowledge.py", line 27, in get_multi_by_tenant
    return await self.get_multi(db, skip=skip, limit=limit, filters={"tenant_id": tenant_id})
           ^^^^^^^^^^^^^^^^^^^^^^^^^^^^^^^^^^^^^^^^^^^^^^^^^^^^^^^^^^^^^^^^^^^^^^^^^^^^^^^^^^
  File "C:\python.1\Emory_backend\app\crud\base.py", line 35, in get_multi
    stmt = select(self.model).where(self.model)
           ^^^^^^^^^^^^^^^^^^^^^^^^^^^^^^^^^^^^
  File "<string>", line 2, in where
  File "C:\Users\86182\.conda\envs\Emory_backend\Lib\site-packages\sqlalchemy\sql\base.py", line 280, in _generative
    x = fn(self, *args, **kw)
        ^^^^^^^^^^^^^^^^^^^^^
  File "C:\Users\86182\.conda\envs\Emory_backend\Lib\site-packages\sqlalchemy\sql\selectable.py", line 6190, in where
    where_criteria: ColumnElement[Any] = coercions.expect(
                                         ^^^^^^^^^^^^^^^^^
  File "C:\Users\86182\.conda\envs\Emory_backend\Lib\site-packages\sqlalchemy\sql\coercions.py", line 395, in expect
    resolved = impl._literal_coercion(
               ^^^^^^^^^^^^^^^^^^^^^^^
  File "C:\Users\86182\.conda\envs\Emory_backend\Lib\site-packages\sqlalchemy\sql\coercions.py", line 634, in _literal_coercion
    self._raise_for_expected(element, argname)
  File "C:\Users\86182\.conda\envs\Emory_backend\Lib\site-packages\sqlalchemy\sql\coercions.py", line 518, in _raise_for_expected
    raise exc.ArgumentError(msg, code=code) from err
sqlalchemy.exc.ArgumentError: SQL expression for WHERE/HAVING role expected, got <class 'app.models.knowledge_base.KnowledgeBase'>.

