2026-06-08 23:17:58 | CRITICAL | app.core.exceptions:unhandled_exception_handler:73 - 未处理异常: 2 validation errors:
  {'type': 'string_type', 'loc': ('response', 0, 'created_at'), 'msg': 'Input should be a valid string', 'input': datetime.datetime(2026, 4, 23, 13, 33, 17, 888070, tzinfo=datetime.timezone.utc)}
  {'type': 'string_type', 'loc': ('response', 0, 'updated_at'), 'msg': 'Input should be a valid string', 'input': datetime.datetime(2026, 4, 23, 13, 33, 17, 888070, tzinfo=datetime.timezone.utc)}

Traceback (most recent call last):
  File "C:\c++\anaconda\envs\Emory_backend\Lib\site-packages\starlette\middleware\errors.py", line 164, in __call__
    await self.app(scope, receive, _send)
  File "C:\c++\anaconda\envs\Emory_backend\Lib\site-packages\starlette\middleware\cors.py", line 85, in __call__
    await self.app(scope, receive, send)
  File "C:\c++\anaconda\envs\Emory_backend\Lib\site-packages\starlette\middleware\exceptions.py", line 63, in __call__
    await wrap_app_handling_exceptions(self.app, conn)(scope, receive, send)
  File "C:\c++\anaconda\envs\Emory_backend\Lib\site-packages\starlette\_exception_handler.py", line 53, in wrapped_app
    raise exc
  File "C:\c++\anaconda\envs\Emory_backend\Lib\site-packages\starlette\_exception_handler.py", line 42, in wrapped_app
    await app(scope, receive, sender)
  File "C:\c++\anaconda\envs\Emory_backend\Lib\site-packages\starlette\routing.py", line 716, in __call__
    await self.middleware_stack(scope, receive, send)
  File "C:\c++\anaconda\envs\Emory_backend\Lib\site-packages\starlette\routing.py", line 736, in app
    await route.handle(scope, receive, send)
  File "C:\c++\anaconda\envs\Emory_backend\Lib\site-packages\starlette\routing.py", line 290, in handle
    await self.app(scope, receive, send)
  File "C:\c++\anaconda\envs\Emory_backend\Lib\site-packages\starlette\routing.py", line 78, in app
    await wrap_app_handling_exceptions(app, request)(scope, receive, send)
  File "C:\c++\anaconda\envs\Emory_backend\Lib\site-packages\starlette\_exception_handler.py", line 53, in wrapped_app
    raise exc
  File "C:\c++\anaconda\envs\Emory_backend\Lib\site-packages\starlette\_exception_handler.py", line 42, in wrapped_app
    await app(scope, receive, sender)
  File "C:\c++\anaconda\envs\Emory_backend\Lib\site-packages\starlette\routing.py", line 75, in app
    response = await f(request)
               ^^^^^^^^^^^^^^^^
  File "C:\c++\anaconda\envs\Emory_backend\Lib\site-packages\fastapi\routing.py", line 328, in app
    content = await serialize_response(
              ^^^^^^^^^^^^^^^^^^^^^^^^^
  File "C:\c++\anaconda\envs\Emory_backend\Lib\site-packages\fastapi\routing.py", line 177, in serialize_response
    raise ResponseValidationError(
fastapi.exceptions.ResponseValidationError: 2 validation errors:
  {'type': 'string_type', 'loc': ('response', 0, 'created_at'), 'msg': 'Input should be a valid string', 'input': datetime.datetime(2026, 4, 23, 13, 33, 17, 888070, tzinfo=datetime.timezone.utc)}
  {'type': 'string_type', 'loc': ('response', 0, 'updated_at'), 'msg': 'Input should be a valid string', 'input': datetime.datetime(2026, 4, 23, 13, 33, 17, 888070, tzinfo=datetime.timezone.utc)}


2026-06-08 23:24:24 | CRITICAL | app.core.exceptions:unhandled_exception_handler:73 - 未处理异常: 2 validation errors:
  {'type': 'string_type', 'loc': ('response', 0, 'created_at'), 'msg': 'Input should be a valid string', 'input': datetime.datetime(2026, 4, 23, 13, 33, 17, 888070, tzinfo=datetime.timezone.utc)}
  {'type': 'string_type', 'loc': ('response', 0, 'updated_at'), 'msg': 'Input should be a valid string', 'input': datetime.datetime(2026, 4, 23, 13, 33, 17, 888070, tzinfo=datetime.timezone.utc)}

Traceback (most recent call last):
  File "C:\c++\anaconda\envs\Emory_backend\Lib\site-packages\starlette\middleware\errors.py", line 164, in __call__
    await self.app(scope, receive, _send)
  File "C:\c++\anaconda\envs\Emory_backend\Lib\site-packages\starlette\middleware\cors.py", line 85, in __call__
    await self.app(scope, receive, send)
  File "C:\c++\anaconda\envs\Emory_backend\Lib\site-packages\starlette\middleware\exceptions.py", line 63, in __call__
    await wrap_app_handling_exceptions(self.app, conn)(scope, receive, send)
  File "C:\c++\anaconda\envs\Emory_backend\Lib\site-packages\starlette\_exception_handler.py", line 53, in wrapped_app
    raise exc
  File "C:\c++\anaconda\envs\Emory_backend\Lib\site-packages\starlette\_exception_handler.py", line 42, in wrapped_app
    await app(scope, receive, sender)
  File "C:\c++\anaconda\envs\Emory_backend\Lib\site-packages\starlette\routing.py", line 716, in __call__
    await self.middleware_stack(scope, receive, send)
  File "C:\c++\anaconda\envs\Emory_backend\Lib\site-packages\starlette\routing.py", line 736, in app
    await route.handle(scope, receive, send)
  File "C:\c++\anaconda\envs\Emory_backend\Lib\site-packages\starlette\routing.py", line 290, in handle
    await self.app(scope, receive, send)
  File "C:\c++\anaconda\envs\Emory_backend\Lib\site-packages\starlette\routing.py", line 78, in app
    await wrap_app_handling_exceptions(app, request)(scope, receive, send)
  File "C:\c++\anaconda\envs\Emory_backend\Lib\site-packages\starlette\_exception_handler.py", line 53, in wrapped_app
    raise exc
  File "C:\c++\anaconda\envs\Emory_backend\Lib\site-packages\starlette\_exception_handler.py", line 42, in wrapped_app
    await app(scope, receive, sender)
  File "C:\c++\anaconda\envs\Emory_backend\Lib\site-packages\starlette\routing.py", line 75, in app
    response = await f(request)
               ^^^^^^^^^^^^^^^^
  File "C:\c++\anaconda\envs\Emory_backend\Lib\site-packages\fastapi\routing.py", line 328, in app
    content = await serialize_response(
              ^^^^^^^^^^^^^^^^^^^^^^^^^
  File "C:\c++\anaconda\envs\Emory_backend\Lib\site-packages\fastapi\routing.py", line 177, in serialize_response
    raise ResponseValidationError(
fastapi.exceptions.ResponseValidationError: 2 validation errors:
  {'type': 'string_type', 'loc': ('response', 0, 'created_at'), 'msg': 'Input should be a valid string', 'input': datetime.datetime(2026, 4, 23, 13, 33, 17, 888070, tzinfo=datetime.timezone.utc)}
  {'type': 'string_type', 'loc': ('response', 0, 'updated_at'), 'msg': 'Input should be a valid string', 'input': datetime.datetime(2026, 4, 23, 13, 33, 17, 888070, tzinfo=datetime.timezone.utc)}


2026-06-08 23:24:29 | CRITICAL | app.core.exceptions:unhandled_exception_handler:73 - 未处理异常: 2 validation errors:
  {'type': 'string_type', 'loc': ('response', 0, 'created_at'), 'msg': 'Input should be a valid string', 'input': datetime.datetime(2026, 4, 23, 13, 33, 17, 888070, tzinfo=datetime.timezone.utc)}
  {'type': 'string_type', 'loc': ('response', 0, 'updated_at'), 'msg': 'Input should be a valid string', 'input': datetime.datetime(2026, 4, 23, 13, 33, 17, 888070, tzinfo=datetime.timezone.utc)}

Traceback (most recent call last):
  File "C:\c++\anaconda\envs\Emory_backend\Lib\site-packages\starlette\middleware\errors.py", line 164, in __call__
    await self.app(scope, receive, _send)
  File "C:\c++\anaconda\envs\Emory_backend\Lib\site-packages\starlette\middleware\cors.py", line 85, in __call__
    await self.app(scope, receive, send)
  File "C:\c++\anaconda\envs\Emory_backend\Lib\site-packages\starlette\middleware\exceptions.py", line 63, in __call__
    await wrap_app_handling_exceptions(self.app, conn)(scope, receive, send)
  File "C:\c++\anaconda\envs\Emory_backend\Lib\site-packages\starlette\_exception_handler.py", line 53, in wrapped_app
    raise exc
  File "C:\c++\anaconda\envs\Emory_backend\Lib\site-packages\starlette\_exception_handler.py", line 42, in wrapped_app
    await app(scope, receive, sender)
  File "C:\c++\anaconda\envs\Emory_backend\Lib\site-packages\starlette\routing.py", line 716, in __call__
    await self.middleware_stack(scope, receive, send)
  File "C:\c++\anaconda\envs\Emory_backend\Lib\site-packages\starlette\routing.py", line 736, in app
    await route.handle(scope, receive, send)
  File "C:\c++\anaconda\envs\Emory_backend\Lib\site-packages\starlette\routing.py", line 290, in handle
    await self.app(scope, receive, send)
  File "C:\c++\anaconda\envs\Emory_backend\Lib\site-packages\starlette\routing.py", line 78, in app
    await wrap_app_handling_exceptions(app, request)(scope, receive, send)
  File "C:\c++\anaconda\envs\Emory_backend\Lib\site-packages\starlette\_exception_handler.py", line 53, in wrapped_app
    raise exc
  File "C:\c++\anaconda\envs\Emory_backend\Lib\site-packages\starlette\_exception_handler.py", line 42, in wrapped_app
    await app(scope, receive, sender)
  File "C:\c++\anaconda\envs\Emory_backend\Lib\site-packages\starlette\routing.py", line 75, in app
    response = await f(request)
               ^^^^^^^^^^^^^^^^
  File "C:\c++\anaconda\envs\Emory_backend\Lib\site-packages\fastapi\routing.py", line 328, in app
    content = await serialize_response(
              ^^^^^^^^^^^^^^^^^^^^^^^^^
  File "C:\c++\anaconda\envs\Emory_backend\Lib\site-packages\fastapi\routing.py", line 177, in serialize_response
    raise ResponseValidationError(
fastapi.exceptions.ResponseValidationError: 2 validation errors:
  {'type': 'string_type', 'loc': ('response', 0, 'created_at'), 'msg': 'Input should be a valid string', 'input': datetime.datetime(2026, 4, 23, 13, 33, 17, 888070, tzinfo=datetime.timezone.utc)}
  {'type': 'string_type', 'loc': ('response', 0, 'updated_at'), 'msg': 'Input should be a valid string', 'input': datetime.datetime(2026, 4, 23, 13, 33, 17, 888070, tzinfo=datetime.timezone.utc)}


2026-06-08 23:24:30 | CRITICAL | app.core.exceptions:unhandled_exception_handler:73 - 未处理异常: 2 validation errors:
  {'type': 'string_type', 'loc': ('response', 0, 'created_at'), 'msg': 'Input should be a valid string', 'input': datetime.datetime(2026, 4, 23, 13, 33, 17, 888070, tzinfo=datetime.timezone.utc)}
  {'type': 'string_type', 'loc': ('response', 0, 'updated_at'), 'msg': 'Input should be a valid string', 'input': datetime.datetime(2026, 4, 23, 13, 33, 17, 888070, tzinfo=datetime.timezone.utc)}

Traceback (most recent call last):
  File "C:\c++\anaconda\envs\Emory_backend\Lib\site-packages\starlette\middleware\errors.py", line 164, in __call__
    await self.app(scope, receive, _send)
  File "C:\c++\anaconda\envs\Emory_backend\Lib\site-packages\starlette\middleware\cors.py", line 85, in __call__
    await self.app(scope, receive, send)
  File "C:\c++\anaconda\envs\Emory_backend\Lib\site-packages\starlette\middleware\exceptions.py", line 63, in __call__
    await wrap_app_handling_exceptions(self.app, conn)(scope, receive, send)
  File "C:\c++\anaconda\envs\Emory_backend\Lib\site-packages\starlette\_exception_handler.py", line 53, in wrapped_app
    raise exc
  File "C:\c++\anaconda\envs\Emory_backend\Lib\site-packages\starlette\_exception_handler.py", line 42, in wrapped_app
    await app(scope, receive, sender)
  File "C:\c++\anaconda\envs\Emory_backend\Lib\site-packages\starlette\routing.py", line 716, in __call__
    await self.middleware_stack(scope, receive, send)
  File "C:\c++\anaconda\envs\Emory_backend\Lib\site-packages\starlette\routing.py", line 736, in app
    await route.handle(scope, receive, send)
  File "C:\c++\anaconda\envs\Emory_backend\Lib\site-packages\starlette\routing.py", line 290, in handle
    await self.app(scope, receive, send)
  File "C:\c++\anaconda\envs\Emory_backend\Lib\site-packages\starlette\routing.py", line 78, in app
    await wrap_app_handling_exceptions(app, request)(scope, receive, send)
  File "C:\c++\anaconda\envs\Emory_backend\Lib\site-packages\starlette\_exception_handler.py", line 53, in wrapped_app
    raise exc
  File "C:\c++\anaconda\envs\Emory_backend\Lib\site-packages\starlette\_exception_handler.py", line 42, in wrapped_app
    await app(scope, receive, sender)
  File "C:\c++\anaconda\envs\Emory_backend\Lib\site-packages\starlette\routing.py", line 75, in app
    response = await f(request)
               ^^^^^^^^^^^^^^^^
  File "C:\c++\anaconda\envs\Emory_backend\Lib\site-packages\fastapi\routing.py", line 328, in app
    content = await serialize_response(
              ^^^^^^^^^^^^^^^^^^^^^^^^^
  File "C:\c++\anaconda\envs\Emory_backend\Lib\site-packages\fastapi\routing.py", line 177, in serialize_response
    raise ResponseValidationError(
fastapi.exceptions.ResponseValidationError: 2 validation errors:
  {'type': 'string_type', 'loc': ('response', 0, 'created_at'), 'msg': 'Input should be a valid string', 'input': datetime.datetime(2026, 4, 23, 13, 33, 17, 888070, tzinfo=datetime.timezone.utc)}
  {'type': 'string_type', 'loc': ('response', 0, 'updated_at'), 'msg': 'Input should be a valid string', 'input': datetime.datetime(2026, 4, 23, 13, 33, 17, 888070, tzinfo=datetime.timezone.utc)}


2026-06-08 23:24:33 | CRITICAL | app.core.exceptions:unhandled_exception_handler:73 - 未处理异常: 2 validation errors:
  {'type': 'string_type', 'loc': ('response', 0, 'created_at'), 'msg': 'Input should be a valid string', 'input': datetime.datetime(2026, 4, 23, 13, 33, 17, 888070, tzinfo=datetime.timezone.utc)}
  {'type': 'string_type', 'loc': ('response', 0, 'updated_at'), 'msg': 'Input should be a valid string', 'input': datetime.datetime(2026, 4, 23, 13, 33, 17, 888070, tzinfo=datetime.timezone.utc)}

Traceback (most recent call last):
  File "C:\c++\anaconda\envs\Emory_backend\Lib\site-packages\starlette\middleware\errors.py", line 164, in __call__
    await self.app(scope, receive, _send)
  File "C:\c++\anaconda\envs\Emory_backend\Lib\site-packages\starlette\middleware\cors.py", line 85, in __call__
    await self.app(scope, receive, send)
  File "C:\c++\anaconda\envs\Emory_backend\Lib\site-packages\starlette\middleware\exceptions.py", line 63, in __call__
    await wrap_app_handling_exceptions(self.app, conn)(scope, receive, send)
  File "C:\c++\anaconda\envs\Emory_backend\Lib\site-packages\starlette\_exception_handler.py", line 53, in wrapped_app
    raise exc
  File "C:\c++\anaconda\envs\Emory_backend\Lib\site-packages\starlette\_exception_handler.py", line 42, in wrapped_app
    await app(scope, receive, sender)
  File "C:\c++\anaconda\envs\Emory_backend\Lib\site-packages\starlette\routing.py", line 716, in __call__
    await self.middleware_stack(scope, receive, send)
  File "C:\c++\anaconda\envs\Emory_backend\Lib\site-packages\starlette\routing.py", line 736, in app
    await route.handle(scope, receive, send)
  File "C:\c++\anaconda\envs\Emory_backend\Lib\site-packages\starlette\routing.py", line 290, in handle
    await self.app(scope, receive, send)
  File "C:\c++\anaconda\envs\Emory_backend\Lib\site-packages\starlette\routing.py", line 78, in app
    await wrap_app_handling_exceptions(app, request)(scope, receive, send)
  File "C:\c++\anaconda\envs\Emory_backend\Lib\site-packages\starlette\_exception_handler.py", line 53, in wrapped_app
    raise exc
  File "C:\c++\anaconda\envs\Emory_backend\Lib\site-packages\starlette\_exception_handler.py", line 42, in wrapped_app
    await app(scope, receive, sender)
  File "C:\c++\anaconda\envs\Emory_backend\Lib\site-packages\starlette\routing.py", line 75, in app
    response = await f(request)
               ^^^^^^^^^^^^^^^^
  File "C:\c++\anaconda\envs\Emory_backend\Lib\site-packages\fastapi\routing.py", line 328, in app
    content = await serialize_response(
              ^^^^^^^^^^^^^^^^^^^^^^^^^
  File "C:\c++\anaconda\envs\Emory_backend\Lib\site-packages\fastapi\routing.py", line 177, in serialize_response
    raise ResponseValidationError(
fastapi.exceptions.ResponseValidationError: 2 validation errors:
  {'type': 'string_type', 'loc': ('response', 0, 'created_at'), 'msg': 'Input should be a valid string', 'input': datetime.datetime(2026, 4, 23, 13, 33, 17, 888070, tzinfo=datetime.timezone.utc)}
  {'type': 'string_type', 'loc': ('response', 0, 'updated_at'), 'msg': 'Input should be a valid string', 'input': datetime.datetime(2026, 4, 23, 13, 33, 17, 888070, tzinfo=datetime.timezone.utc)}


2026-06-08 23:24:40 | CRITICAL | app.core.exceptions:unhandled_exception_handler:73 - 未处理异常: 2 validation errors:
  {'type': 'string_type', 'loc': ('response', 0, 'created_at'), 'msg': 'Input should be a valid string', 'input': datetime.datetime(2026, 4, 23, 13, 33, 17, 888070, tzinfo=datetime.timezone.utc)}
  {'type': 'string_type', 'loc': ('response', 0, 'updated_at'), 'msg': 'Input should be a valid string', 'input': datetime.datetime(2026, 4, 23, 13, 33, 17, 888070, tzinfo=datetime.timezone.utc)}

Traceback (most recent call last):
  File "C:\c++\anaconda\envs\Emory_backend\Lib\site-packages\starlette\middleware\errors.py", line 164, in __call__
    await self.app(scope, receive, _send)
  File "C:\c++\anaconda\envs\Emory_backend\Lib\site-packages\starlette\middleware\cors.py", line 85, in __call__
    await self.app(scope, receive, send)
  File "C:\c++\anaconda\envs\Emory_backend\Lib\site-packages\starlette\middleware\exceptions.py", line 63, in __call__
    await wrap_app_handling_exceptions(self.app, conn)(scope, receive, send)
  File "C:\c++\anaconda\envs\Emory_backend\Lib\site-packages\starlette\_exception_handler.py", line 53, in wrapped_app
    raise exc
  File "C:\c++\anaconda\envs\Emory_backend\Lib\site-packages\starlette\_exception_handler.py", line 42, in wrapped_app
    await app(scope, receive, sender)
  File "C:\c++\anaconda\envs\Emory_backend\Lib\site-packages\starlette\routing.py", line 716, in __call__
    await self.middleware_stack(scope, receive, send)
  File "C:\c++\anaconda\envs\Emory_backend\Lib\site-packages\starlette\routing.py", line 736, in app
    await route.handle(scope, receive, send)
  File "C:\c++\anaconda\envs\Emory_backend\Lib\site-packages\starlette\routing.py", line 290, in handle
    await self.app(scope, receive, send)
  File "C:\c++\anaconda\envs\Emory_backend\Lib\site-packages\starlette\routing.py", line 78, in app
    await wrap_app_handling_exceptions(app, request)(scope, receive, send)
  File "C:\c++\anaconda\envs\Emory_backend\Lib\site-packages\starlette\_exception_handler.py", line 53, in wrapped_app
    raise exc
  File "C:\c++\anaconda\envs\Emory_backend\Lib\site-packages\starlette\_exception_handler.py", line 42, in wrapped_app
    await app(scope, receive, sender)
  File "C:\c++\anaconda\envs\Emory_backend\Lib\site-packages\starlette\routing.py", line 75, in app
    response = await f(request)
               ^^^^^^^^^^^^^^^^
  File "C:\c++\anaconda\envs\Emory_backend\Lib\site-packages\fastapi\routing.py", line 328, in app
    content = await serialize_response(
              ^^^^^^^^^^^^^^^^^^^^^^^^^
  File "C:\c++\anaconda\envs\Emory_backend\Lib\site-packages\fastapi\routing.py", line 177, in serialize_response
    raise ResponseValidationError(
fastapi.exceptions.ResponseValidationError: 2 validation errors:
  {'type': 'string_type', 'loc': ('response', 0, 'created_at'), 'msg': 'Input should be a valid string', 'input': datetime.datetime(2026, 4, 23, 13, 33, 17, 888070, tzinfo=datetime.timezone.utc)}
  {'type': 'string_type', 'loc': ('response', 0, 'updated_at'), 'msg': 'Input should be a valid string', 'input': datetime.datetime(2026, 4, 23, 13, 33, 17, 888070, tzinfo=datetime.timezone.utc)}


2026-06-08 23:35:42 | ERROR    | app.services.agent.nodes.generator:generator_node:140 - 生成节点超时
